#-----------------------------------------------------------
# Vivado v2017.4 (64-bit)
# SW Build 2086221 on Fri Dec 15 20:55:39 MST 2017
# IP Build 2085800 on Fri Dec 15 22:25:07 MST 2017
# Start of session at: Wed Apr 11 12:23:37 2018
# Process ID: 10632
# Current directory: C:/Users/Dhruv Sandesara/Desktop/Lab5/Lab5_Part2
# Command line: vivado.exe -gui_launcher_event rodinguilauncherevent10512 C:\Users\Dhruv Sandesara\Desktop\Lab5\Lab5_Part2\Lab5_Part2.xpr
# Log file: C:/Users/Dhruv Sandesara/Desktop/Lab5/Lab5_Part2/vivado.log
# Journal file: C:/Users/Dhruv Sandesara/Desktop/Lab5/Lab5_Part2\vivado.jou
#-----------------------------------------------------------
start_gui
open_project {C:/Users/Dhruv Sandesara/Desktop/Lab5/Lab5_Part2/Lab5_Part2.xpr}
Scanning sources...
Finished scanning sources
INFO: [IP_Flow 19-234] Refreshing IP repositories
INFO: [IP_Flow 19-1704] No user IP repositories specified
INFO: [IP_Flow 19-2313] Loaded Vivado IP repository 'C:/Xilinx/Vivado/2017.4/data/ip'.
open_project: Time (s): cpu = 00:00:16 ; elapsed = 00:00:09 . Memory (MB): peak = 711.750 ; gain = 42.375
update_compile_order -fileset sources_1
exit
INFO: [Common 17-206] Exiting Vivado at Wed Apr 11 12:30:39 2018...
