#-----------------------------------------------------------
# Vivado v2017.4 (64-bit)
# SW Build 2086221 on Fri Dec 15 20:55:39 MST 2017
# IP Build 2085800 on Fri Dec 15 22:25:07 MST 2017
# Start of session at: Wed Apr 11 14:58:23 2018
# Process ID: 1124
# Current directory: C:/Users/Dhruv Sandesara/Desktop/ee316/Labs/Lab4/lab4part3
# Command line: vivado.exe -gui_launcher_event rodinguilauncherevent9512 C:\Users\Dhruv Sandesara\Desktop\ee316\Labs\Lab4\lab4part3\lab4part3.xpr
# Log file: C:/Users/Dhruv Sandesara/Desktop/ee316/Labs/Lab4/lab4part3/vivado.log
# Journal file: C:/Users/Dhruv Sandesara/Desktop/ee316/Labs/Lab4/lab4part3\vivado.jou
#-----------------------------------------------------------
start_gui
open_project {C:/Users/Dhruv Sandesara/Desktop/ee316/Labs/Lab4/lab4part3/lab4part3.xpr}
INFO: [Project 1-313] Project file moved from 'C:/Users/Dhruv Sandesara/Desktop/lab4part3' since last save.
Scanning sources...
Finished scanning sources
INFO: [IP_Flow 19-234] Refreshing IP repositories
INFO: [IP_Flow 19-1704] No user IP repositories specified
INFO: [IP_Flow 19-2313] Loaded Vivado IP repository 'C:/Xilinx/Vivado/2017.4/data/ip'.
open_project: Time (s): cpu = 00:00:18 ; elapsed = 00:00:07 . Memory (MB): peak = 741.703 ; gain = 73.578
update_compile_order -fileset sources_1
exit
INFO: [Common 17-206] Exiting Vivado at Wed Apr 11 15:17:59 2018...
